<?xml version="1.0" encoding="utf-8"?>
<coverage line-rate="1" branch-rate="0.8946999999999999" version="1.9" timestamp="1750015484" lines-covered="103" lines-valid="103" branches-covered="34" branches-valid="38">
  <sources>
    <source>/Users/najiyanasrin/Desktop/TEST-QA/</source>
  </sources>
  <packages>
    <package name="CardValidation.Web" line-rate="1" branch-rate="0.8636" complexity="32">
      <classes>
        <class name="Program" filename="CardValidation.Web/Program.cs" line-rate="1" branch-rate="0.75" complexity="5">
          <methods>
            <method name="&lt;Main&gt;$" signature="(System.String[])" line-rate="1" branch-rate="0.75" complexity="4">
              <lines>
                <line number="5" hits="17" branch="False" />
                <line number="7" hits="17" branch="False" />
                <line number="9" hits="17" branch="False" />
                <line number="12" hits="17" branch="True" condition-coverage="75% (3/4)">
                  <conditions>
                    <condition number="37" type="jump" coverage="50%" />
                    <condition number="55" type="jump" coverage="100%" />
                  </conditions>
                </line>
                <line number="13" hits="17" branch="False" />
                <line number="14" hits="17" branch="False" />
                <line number="15" hits="17" branch="False" />
                <line number="16" hits="17" branch="False" />
                <line number="18" hits="17" branch="False" />
                <line number="20" hits="17" branch="False" />
                <line number="22" hits="17" branch="False" />
                <line number="24" hits="17" branch="False" />
              </lines>
            </method>
            <method name="&lt;&lt;Main&gt;$&gt;g__ConfigureServices|0_0" signature="(Microsoft.Extensions.DependencyInjection.IServiceCollection)" line-rate="1" branch-rate="1" complexity="1">
              <lines>
                <line number="27" hits="17" branch="False" />
                <line number="28" hits="17" branch="False" />
                <line number="29" hits="17" branch="False" />
                <line number="30" hits="17" branch="False" />
                <line number="32" hits="17" branch="False" />
                <line number="34" hits="17" branch="False" />
                <line number="35" hits="17" branch="False" />
                <line number="36" hits="34" branch="False" />
                <line number="37" hits="34" branch="False" />
                <line number="38" hits="17" branch="False" />
              </lines>
            </method>
          </methods>
          <lines>
            <line number="5" hits="17" branch="False" />
            <line number="7" hits="17" branch="False" />
            <line number="9" hits="17" branch="False" />
            <line number="12" hits="17" branch="True" condition-coverage="75% (3/4)">
              <conditions>
                <condition number="37" type="jump" coverage="50%" />
                <condition number="55" type="jump" coverage="100%" />
              </conditions>
            </line>
            <line number="13" hits="17" branch="False" />
            <line number="14" hits="17" branch="False" />
            <line number="15" hits="17" branch="False" />
            <line number="16" hits="17" branch="False" />
            <line number="18" hits="17" branch="False" />
            <line number="20" hits="17" branch="False" />
            <line number="22" hits="17" branch="False" />
            <line number="24" hits="17" branch="False" />
            <line number="27" hits="17" branch="False" />
            <line number="28" hits="17" branch="False" />
            <line number="29" hits="17" branch="False" />
            <line number="30" hits="17" branch="False" />
            <line number="32" hits="17" branch="False" />
            <line number="34" hits="17" branch="False" />
            <line number="35" hits="17" branch="False" />
            <line number="36" hits="34" branch="False" />
            <line number="37" hits="34" branch="False" />
            <line number="38" hits="17" branch="False" />
          </lines>
        </class>
        <class name="CardValidation.ViewModels.CreditCard" filename="CardValidation.Web/ViewModels/CreditCard.cs" line-rate="1" branch-rate="1" complexity="4">
          <methods>
            <method name="get_Owner" signature="()" line-rate="1" branch-rate="1" complexity="1">
              <lines>
                <line number="7" hits="75" branch="False" />
              </lines>
            </method>
            <method name="get_Number" signature="()" line-rate="1" branch-rate="1" complexity="1">
              <lines>
                <line number="8" hits="91" branch="False" />
              </lines>
            </method>
            <method name="get_Date" signature="()" line-rate="1" branch-rate="1" complexity="1">
              <lines>
                <line number="9" hits="75" branch="False" />
              </lines>
            </method>
            <method name="get_Cvv" signature="()" line-rate="1" branch-rate="1" complexity="1">
              <lines>
                <line number="10" hits="75" branch="False" />
              </lines>
            </method>
          </methods>
          <lines>
            <line number="7" hits="75" branch="False" />
            <line number="8" hits="91" branch="False" />
            <line number="9" hits="75" branch="False" />
            <line number="10" hits="75" branch="False" />
          </lines>
        </class>
        <class name="CardValidation.Infrustructure.CreditCardValidationFilter" filename="CardValidation.Web/Infrustructure/CreditCardValidationFilter.cs" line-rate="1" branch-rate="0.9285" complexity="18">
          <methods>
            <method name="AddParameterIsRequiredError" signature="(Microsoft.AspNetCore.Mvc.Filters.ActionExecutingContext,System.String)" line-rate="1" branch-rate="1" complexity="1">
              <lines>
                <line number="13" hits="9" branch="False" />
              </lines>
            </method>
            <method name="AddWrongParameterError" signature="(Microsoft.AspNetCore.Mvc.Filters.ActionExecutingContext,System.String)" line-rate="1" branch-rate="1" complexity="1">
              <lines>
                <line number="16" hits="36" branch="False" />
              </lines>
            </method>
            <method name="OnActionExecuting" signature="(Microsoft.AspNetCore.Mvc.Filters.ActionExecutingContext)" line-rate="1" branch-rate="0.875" complexity="8">
              <lines>
                <line number="24" hits="33" branch="False" />
                <line number="25" hits="33" branch="True" condition-coverage="75% (3/4)">
                  <conditions>
                    <condition number="7" type="jump" coverage="50%" />
                    <condition number="28" type="jump" coverage="100%" />
                  </conditions>
                </line>
                <line number="26" hits="32" branch="False" />
                <line number="28" hits="32" branch="True" condition-coverage="100% (2/2)">
                  <conditions>
                    <condition number="54" type="jump" coverage="100%" />
                  </conditions>
                </line>
                <line number="29" hits="31" branch="False" />
                <line number="30" hits="31" branch="False" />
                <line number="32" hits="31" branch="True" condition-coverage="100% (2/2)">
                  <conditions>
                    <condition number="75" type="jump" coverage="100%" />
                  </conditions>
                </line>
                <line number="33" hits="29" branch="False" />
                <line number="34" hits="29" branch="False" />
                <line number="35" hits="29" branch="False" />
                <line number="36" hits="29" branch="False" />
                <line number="37" hits="29" branch="False" />
                <line number="38" hits="29" branch="False" />
                <line number="40" hits="2" branch="False" />
                <line number="41" hits="2" branch="False" />
                <line number="43" hits="29" branch="False" />
                <line number="44" hits="30" branch="False" />
                <line number="45" hits="31" branch="False" />
              </lines>
            </method>
            <method name="OnActionExecuted" signature="(Microsoft.AspNetCore.Mvc.Filters.ActionExecutedContext)" line-rate="1" branch-rate="1" complexity="1">
              <lines>
                <line number="48" hits="18" branch="False" />
                <line number="50" hits="18" branch="False" />
              </lines>
            </method>
            <method name="ValidateParameter" signature="(Microsoft.AspNetCore.Mvc.Filters.ActionExecutingContext,System.String,System.String,System.Func`2&lt;System.String,System.Boolean&gt;)" line-rate="1" branch-rate="1" complexity="6">
              <lines>
                <line number="53" hits="116" branch="False" />
                <line number="54" hits="116" branch="True" condition-coverage="100% (4/4)">
                  <conditions>
                    <condition number="2" type="jump" coverage="100%" />
                    <condition number="20" type="jump" coverage="100%" />
                  </conditions>
                </line>
                <line number="55" hits="9" branch="False" />
                <line number="56" hits="9" branch="False" />
                <line number="57" hits="9" branch="False" />
                <line number="59" hits="107" branch="False" />
                <line number="60" hits="215" branch="True" condition-coverage="100% (2/2)">
                  <conditions>
                    <condition number="47" type="jump" coverage="100%" />
                  </conditions>
                </line>
                <line number="61" hits="107" branch="False" />
                <line number="62" hits="116" branch="False" />
              </lines>
            </method>
            <method name=".ctor" signature="(CardValidation.Core.Services.Interfaces.ICardValidationService)" line-rate="1" branch-rate="1" complexity="1">
              <lines>
                <line number="18" hits="34" branch="False" />
                <line number="19" hits="34" branch="False" />
                <line number="20" hits="34" branch="False" />
                <line number="21" hits="34" branch="False" />
              </lines>
            </method>
          </methods>
          <lines>
            <line number="13" hits="9" branch="False" />
            <line number="16" hits="36" branch="False" />
            <line number="24" hits="33" branch="False" />
            <line number="25" hits="33" branch="True" condition-coverage="75% (3/4)">
              <conditions>
                <condition number="7" type="jump" coverage="50%" />
                <condition number="28" type="jump" coverage="100%" />
              </conditions>
            </line>
            <line number="26" hits="32" branch="False" />
            <line number="28" hits="32" branch="True" condition-coverage="100% (2/2)">
              <conditions>
                <condition number="54" type="jump" coverage="100%" />
              </conditions>
            </line>
            <line number="29" hits="31" branch="False" />
            <line number="30" hits="31" branch="False" />
            <line number="32" hits="31" branch="True" condition-coverage="100% (2/2)">
              <conditions>
                <condition number="75" type="jump" coverage="100%" />
              </conditions>
            </line>
            <line number="33" hits="29" branch="False" />
            <line number="34" hits="29" branch="False" />
            <line number="35" hits="29" branch="False" />
            <line number="36" hits="29" branch="False" />
            <line number="37" hits="29" branch="False" />
            <line number="38" hits="29" branch="False" />
            <line number="40" hits="2" branch="False" />
            <line number="41" hits="2" branch="False" />
            <line number="43" hits="29" branch="False" />
            <line number="44" hits="30" branch="False" />
            <line number="45" hits="31" branch="False" />
            <line number="48" hits="18" branch="False" />
            <line number="50" hits="18" branch="False" />
            <line number="53" hits="116" branch="False" />
            <line number="54" hits="116" branch="True" condition-coverage="100% (4/4)">
              <conditions>
                <condition number="2" type="jump" coverage="100%" />
                <condition number="20" type="jump" coverage="100%" />
              </conditions>
            </line>
            <line number="55" hits="9" branch="False" />
            <line number="56" hits="9" branch="False" />
            <line number="57" hits="9" branch="False" />
            <line number="59" hits="107" branch="False" />
            <line number="60" hits="215" branch="True" condition-coverage="100% (2/2)">
              <conditions>
                <condition number="47" type="jump" coverage="100%" />
              </conditions>
            </line>
            <line number="61" hits="107" branch="False" />
            <line number="62" hits="116" branch="False" />
            <line number="18" hits="34" branch="False" />
            <line number="19" hits="34" branch="False" />
            <line number="20" hits="34" branch="False" />
            <line number="21" hits="34" branch="False" />
          </lines>
        </class>
        <class name="CardValidation.Controllers.CardValidationController" filename="CardValidation.Web/Controllers/CardValidationController.cs" line-rate="1" branch-rate="0.75" complexity="5">
          <methods>
            <method name="ValidateCreditCard" signature="(CardValidation.ViewModels.CreditCard)" line-rate="1" branch-rate="0.75" complexity="4">
              <lines>
                <line number="21" hits="24" branch="False" />
                <line number="22" hits="24" branch="True" condition-coverage="100% (2/2)">
                  <conditions>
                    <condition number="17" type="jump" coverage="100%" />
                  </conditions>
                </line>
                <line number="23" hits="15" branch="False" />
                <line number="24" hits="15" branch="False" />
                <line number="27" hits="9" branch="True" condition-coverage="50% (1/2)">
                  <conditions>
                    <condition number="48" type="jump" coverage="50%" />
                  </conditions>
                </line>
                <line number="29" hits="8" branch="False" />
                <line number="30" hits="23" branch="False" />
              </lines>
            </method>
            <method name=".ctor" signature="(CardValidation.Core.Services.Interfaces.ICardValidationService)" line-rate="1" branch-rate="1" complexity="1">
              <lines>
                <line number="13" hits="24" branch="False" />
                <line number="14" hits="24" branch="False" />
                <line number="15" hits="24" branch="False" />
                <line number="16" hits="24" branch="False" />
              </lines>
            </method>
          </methods>
          <lines>
            <line number="21" hits="24" branch="False" />
            <line number="22" hits="24" branch="True" condition-coverage="100% (2/2)">
              <conditions>
                <condition number="17" type="jump" coverage="100%" />
              </conditions>
            </line>
            <line number="23" hits="15" branch="False" />
            <line number="24" hits="15" branch="False" />
            <line number="27" hits="9" branch="True" condition-coverage="50% (1/2)">
              <conditions>
                <condition number="48" type="jump" coverage="50%" />
              </conditions>
            </line>
            <line number="29" hits="8" branch="False" />
            <line number="30" hits="23" branch="False" />
            <line number="13" hits="24" branch="False" />
            <line number="14" hits="24" branch="False" />
            <line number="15" hits="24" branch="False" />
            <line number="16" hits="24" branch="False" />
          </lines>
        </class>
      </classes>
    </package>
    <package name="CardValidation.Core" line-rate="1" branch-rate="0.9375" complexity="21">
      <classes>
        <class name="CardValidation.Core.Services.CardValidationService" filename="CardValidation.Core/Services/CardValidationService.cs" line-rate="1" branch-rate="0.9375" complexity="21">
          <methods>
            <method name="IsVisa" signature="(System.String)" line-rate="1" branch-rate="1" complexity="1">
              <lines>
                <line number="9" hits="27" branch="False" />
              </lines>
            </method>
            <method name="IsMasterCard" signature="(System.String)" line-rate="1" branch-rate="1" complexity="1">
              <lines>
                <line number="12" hits="13" branch="False" />
              </lines>
            </method>
            <method name="IsAmericanExpress" signature="(System.String)" line-rate="1" branch-rate="1" complexity="1">
              <lines>
                <line number="14" hits="9" branch="False" />
              </lines>
            </method>
            <method name="ValidateOwner" signature="(System.String)" line-rate="1" branch-rate="1" complexity="1">
              <lines>
                <line number="17" hits="18" branch="False" />
              </lines>
            </method>
            <method name="ValidateIssueDate" signature="(System.String)" line-rate="1" branch-rate="0.75" complexity="4">
              <lines>
                <line number="20" hits="20" branch="False" />
                <line number="21" hits="20" branch="False" />
                <line number="23" hits="20" branch="True" condition-coverage="100% (2/2)">
                  <conditions>
                    <condition number="21" type="jump" coverage="100%" />
                  </conditions>
                </line>
                <line number="24" hits="16" branch="False" />
                <line number="25" hits="80" branch="False" />
                <line number="27" hits="16" branch="False" />
                <line number="28" hits="16" branch="False" />
                <line number="30" hits="16" branch="True" condition-coverage="50% (1/2)">
                  <conditions>
                    <condition number="111" type="jump" coverage="50%" />
                  </conditions>
                </line>
                <line number="32" hits="16" branch="False" />
                <line number="35" hits="4" branch="False" />
                <line number="36" hits="20" branch="False" />
              </lines>
            </method>
            <method name="ValidateCvc" signature="(System.String)" line-rate="1" branch-rate="1" complexity="1">
              <lines>
                <line number="38" hits="20" branch="False" />
              </lines>
            </method>
            <method name="ValidateNumber" signature="(System.String)" line-rate="1" branch-rate="1" complexity="6">
              <lines>
                <line number="41" hits="20" branch="False" />
                <line number="42" hits="44" branch="True" condition-coverage="100% (2/2)">
                  <conditions>
                    <condition number="9" type="jump" coverage="100%" />
                  </conditions>
                </line>
                <line number="44" hits="12" branch="True" condition-coverage="100% (2/2)">
                  <conditions>
                    <condition number="24" type="jump" coverage="100%" />
                  </conditions>
                </line>
                <line number="46" hits="10" branch="True" condition-coverage="100% (2/2)">
                  <conditions>
                    <condition number="39" type="jump" coverage="100%" />
                  </conditions>
                </line>
                <line number="48" hits="4" branch="False" />
                <line number="49" hits="20" branch="False" />
              </lines>
            </method>
            <method name="GetPaymentSystemType" signature="(System.String)" line-rate="1" branch-rate="1" complexity="6">
              <lines>
                <line number="52" hits="7" branch="False" />
                <line number="53" hits="7" branch="True" condition-coverage="100% (2/2)">
                  <conditions>
                    <condition number="9" type="jump" coverage="100%" />
                  </conditions>
                </line>
                <line number="54" hits="4" branch="False" />
                <line number="56" hits="5" branch="True" condition-coverage="100% (2/2)">
                  <conditions>
                    <condition number="25" type="jump" coverage="100%" />
                  </conditions>
                </line>
                <line number="57" hits="4" branch="False" />
                <line number="59" hits="3" branch="True" condition-coverage="100% (2/2)">
                  <conditions>
                    <condition number="41" type="jump" coverage="100%" />
                  </conditions>
                </line>
                <line number="60" hits="4" branch="False" />
                <line number="62" hits="1" branch="False" />
                <line number="63" hits="6" branch="False" />
              </lines>
            </method>
          </methods>
          <lines>
            <line number="9" hits="27" branch="False" />
            <line number="12" hits="13" branch="False" />
            <line number="14" hits="9" branch="False" />
            <line number="17" hits="18" branch="False" />
            <line number="20" hits="20" branch="False" />
            <line number="21" hits="20" branch="False" />
            <line number="23" hits="20" branch="True" condition-coverage="100% (2/2)">
              <conditions>
                <condition number="21" type="jump" coverage="100%" />
              </conditions>
            </line>
            <line number="24" hits="16" branch="False" />
            <line number="25" hits="80" branch="False" />
            <line number="27" hits="16" branch="False" />
            <line number="28" hits="16" branch="False" />
            <line number="30" hits="16" branch="True" condition-coverage="50% (1/2)">
              <conditions>
                <condition number="111" type="jump" coverage="50%" />
              </conditions>
            </line>
            <line number="32" hits="16" branch="False" />
            <line number="35" hits="4" branch="False" />
            <line number="36" hits="20" branch="False" />
            <line number="38" hits="20" branch="False" />
            <line number="41" hits="20" branch="False" />
            <line number="42" hits="44" branch="True" condition-coverage="100% (2/2)">
              <conditions>
                <condition number="9" type="jump" coverage="100%" />
              </conditions>
            </line>
            <line number="44" hits="12" branch="True" condition-coverage="100% (2/2)">
              <conditions>
                <condition number="24" type="jump" coverage="100%" />
              </conditions>
            </line>
            <line number="46" hits="10" branch="True" condition-coverage="100% (2/2)">
              <conditions>
                <condition number="39" type="jump" coverage="100%" />
              </conditions>
            </line>
            <line number="48" hits="4" branch="False" />
            <line number="49" hits="20" branch="False" />
            <line number="52" hits="7" branch="False" />
            <line number="53" hits="7" branch="True" condition-coverage="100% (2/2)">
              <conditions>
                <condition number="9" type="jump" coverage="100%" />
              </conditions>
            </line>
            <line number="54" hits="4" branch="False" />
            <line number="56" hits="5" branch="True" condition-coverage="100% (2/2)">
              <conditions>
                <condition number="25" type="jump" coverage="100%" />
              </conditions>
            </line>
            <line number="57" hits="4" branch="False" />
            <line number="59" hits="3" branch="True" condition-coverage="100% (2/2)">
              <conditions>
                <condition number="41" type="jump" coverage="100%" />
              </conditions>
            </line>
            <line number="60" hits="4" branch="False" />
            <line number="62" hits="1" branch="False" />
            <line number="63" hits="6" branch="False" />
          </lines>
        </class>
      </classes>
    </package>
  </packages>
</coverage>