{
  "uuid": "5ceb0489-14ef-4f34-8ac1-2bada66960e8",
  "historyId": "73da65333a88afd6402fbe4a0c5e7607",
  "testCaseId": "f23b62759e57ee8ca62f7bfb89efc203",
  "fullName": "CardValidation.Tests/Features/Credit Card Validation API/Validate Credit Card",
  "labels": [
    {
      "name": "host",
      "value": "Najiyas-MacBook-Air"
    },
    {
      "name": "thread",
      "value": "NUnit.Fw.NonParallelWorker"
    },
    {
      "name": "language",
      "value": "C#"
    },
    {
      "name": "framework",
      "value": "Reqnroll"
    },
    {
      "name": "package",
      "value": "Features.Credit Card Validation API"
    },
    {
      "name": "feature",
      "value": "Credit Card Validation API"
    },
    {
      "name": "owner",
      "value": "Faheem"
    }
  ],
  "links": [],
  "name": "Validate Credit Card",
  "status": "broken",
  "statusDetails": {
    "known": false,
    "muted": false,
    "flaky": false,
    "message": "Exception has been thrown by the target of an invocation.",
    "trace": "System.Reflection.TargetInvocationException: Exception has been thrown by the target of an invocation.\n ---> NUnit.Framework.AssertionException:   Expected HTTP 200, but got 0. Response body: \nAssert.That(actualStatus, Is.EqualTo(expectedStatus))\n  Expected: 200\n  But was:  0\n\n   at NUnit.Framework.Assert.ReportFailure(String message)\n   at NUnit.Framework.Assert.ReportFailure(ConstraintResult result, String message, String actualExpression, String constraintExpression)\n   at NUnit.Framework.Assert.That[TActual](TActual actual, IResolveConstraint expression, FormattableString message, String actualExpression, String constraintExpression)\n   at CardValidation.Tests.Steps.CreditCardValidationSteps.__a$_around_ThenTheResponseStatusShouldBe_100663316_o(Int32 expectedStatus) in /Users/najiyanasrin/Desktop/qa-home-assignment/CardValidation.Tests/Steps/CreditCardValidationSteps.cs:line 88\n   at CardValidation.Tests.Steps.CreditCardValidationSteps.__a$_around_ThenTheResponseStatusShouldBe_100663316_u(Object[])\n   at Allure.Net.Commons.Steps.AllureAbstractStepAspect.WrapSyncVoid(Func`2 target, Object[] args, MethodBase metadata, String stepName, List`1 stepParameters)\n   at InvokeStub_AllureAbstractStepAspect.WrapSyncVoid(Object, Span`1)\n   at System.Reflection.MethodBaseInvoker.InvokeWithManyArgs(Object obj, BindingFlags invokeAttr, Binder binder, Object[] parameters, CultureInfo culture)\n   --- End of inner exception stack trace ---\n   at System.Reflection.MethodBaseInvoker.InvokeWithManyArgs(Object obj, BindingFlags invokeAttr, Binder binder, Object[] parameters, CultureInfo culture)\n   at Allure.Net.Commons.Steps.AllureStepAspectBase.Around(String name, Object[] args, Func`2 target, MethodBase metadata, Type returnType)\n   at CardValidation.Tests.Steps.CreditCardValidationSteps.__a$_around_ThenTheResponseStatusShouldBe_100663316_w_0(Object[])\n   at CardValidation.Tests.Steps.CreditCardValidationSteps.ThenTheResponseStatusShouldBe(Int32 expectedStatus)\n   at InvokeStub_Action`2.Invoke(Object, Span`1)\n   at System.Reflection.MethodBaseInvoker.InvokeWithFewArgs(Object obj, BindingFlags invokeAttr, Binder binder, Object[] parameters, CultureInfo culture)\n--- End of stack trace from previous location ---\n   at Reqnroll.Bindings.BindingInvoker.InvokeBindingAsync(IBinding binding, IContextManager contextManager, Object[] arguments, ITestTracer testTracer, DurationHolder durationHolder)\n   at Reqnroll.Infrastructure.TestExecutionEngine.ExecuteStepMatchAsync(BindingMatch match, Object[] arguments, DurationHolder durationHolder)\n   at Reqnroll.Infrastructure.TestExecutionEngine.ExecuteStepAsync(IContextManager contextManager, StepInstance stepInstance)\n   at Reqnroll.Infrastructure.TestExecutionEngine.OnAfterLastStepAsync()\n   at Reqnroll.TestRunner.CollectScenarioErrorsAsync()\n   at Allure.ReqnrollPlugin.SelectiveRun.TestPlanAwareTestRunner.CollectScenarioErrorsAsync()\n   at CardValidation.Tests.Features.CreditCardValidationAPIFeature.ScenarioCleanupAsync()\n   at CardValidation.Tests.Features.CreditCardValidationAPIFeature.ValidateCreditCard(String testCaseName, String owner, String number, String cvv, String issueDate, String expectedStatus, String expectedResult, String[] exampleTags) in /Users/najiyanasrin/Desktop/qa-home-assignment/CardValidation.Tests/Features/CreditCardValidation.Feature:line 14\n   at NUnit.Framework.Internal.TaskAwaitAdapter.GenericAdapter`1.BlockUntilCompleted()\n   at NUnit.Framework.Internal.MessagePumpStrategy.NoMessagePumpStrategy.WaitForCompletion(AwaitAdapter awaiter)\n   at NUnit.Framework.Internal.AsyncToSyncAdapter.Await[TResult](TestExecutionContext context, Func`1 invoke)\n   at NUnit.Framework.Internal.AsyncToSyncAdapter.Await(TestExecutionContext context, Func`1 invoke)\n   at NUnit.Framework.Internal.Commands.TestMethodCommand.RunTestMethod(TestExecutionContext context)\n   at NUnit.Framework.Internal.Commands.TestMethodCommand.Execute(TestExecutionContext context)\n   at NUnit.Framework.Internal.Commands.BeforeAndAfterTestCommand.<>c__DisplayClass1_0.<Execute>b__0()\n   at NUnit.Framework.Internal.Commands.DelegatingTestCommand.RunTestMethodInThreadAbortSafeZone(TestExecutionContext context, Action action)"
  },
  "stage": "finished",
  "steps": [
    {
      "name": "Given this is test case \"Valid MasterCard\"",
      "status": "passed",
      "statusDetails": {
        "known": false,
        "muted": false,
        "flaky": false
      },
      "stage": "finished",
      "steps": [],
      "attachments": [],
      "parameters": [],
      "start": 1749913391790,
      "stop": 1749913391792
    },
    {
      "name": "Given I prepare a credit card with:",
      "status": "passed",
      "statusDetails": {
        "known": false,
        "muted": false,
        "flaky": false
      },
      "stage": "finished",
      "steps": [
        {
          "name": "Prepare credit card with provided data",
          "status": "passed",
          "statusDetails": {
            "known": false,
            "muted": false,
            "flaky": false
          },
          "stage": "finished",
          "steps": [],
          "attachments": [],
          "parameters": [
            {
              "name": "table",
              "value": "{\"Header\":[\"Owner\",\"Number\",\"Cvv\",\"IssueDate\"],\"Rows\":[{\"Owner\":\"Alice Smith\",\"Number\":\"5555555555554444\",\"Cvv\":\"321\",\"IssueDate\":\"11/29\"}],\"RowCount\":1}",
              "excluded": false
            }
          ],
          "start": 1749913391793,
          "stop": 1749913391793
        }
      ],
      "attachments": [
        {
          "name": "Data Table",
          "source": "4bccfa0b-a6e3-4488-acdf-367224c4cdb7-attachment.csv",
          "type": "text/csv"
        }
      ],
      "parameters": [],
      "start": 1749913391792,
      "stop": 1749913391793
    },
    {
      "name": "When I send the card to the validation API",
      "status": "passed",
      "statusDetails": {
        "known": false,
        "muted": false,
        "flaky": false
      },
      "stage": "finished",
      "steps": [
        {
          "name": "Send credit card data to API",
          "status": "passed",
          "statusDetails": {
            "known": false,
            "muted": false,
            "flaky": false
          },
          "stage": "finished",
          "steps": [],
          "attachments": [],
          "parameters": [],
          "start": 1749913391795,
          "stop": 1749913391797
        }
      ],
      "attachments": [],
      "parameters": [],
      "start": 1749913391794,
      "stop": 1749913391797
    },
    {
      "name": "Then the response status should be 200",
      "status": "broken",
      "statusDetails": {
        "known": false,
        "muted": false,
        "flaky": false,
        "message": "Exception has been thrown by the target of an invocation.",
        "trace": "System.Reflection.TargetInvocationException: Exception has been thrown by the target of an invocation.\n ---> NUnit.Framework.AssertionException:   Expected HTTP 200, but got 0. Response body: \nAssert.That(actualStatus, Is.EqualTo(expectedStatus))\n  Expected: 200\n  But was:  0\n\n   at NUnit.Framework.Assert.ReportFailure(String message)\n   at NUnit.Framework.Assert.ReportFailure(ConstraintResult result, String message, String actualExpression, String constraintExpression)\n   at NUnit.Framework.Assert.That[TActual](TActual actual, IResolveConstraint expression, FormattableString message, String actualExpression, String constraintExpression)\n   at CardValidation.Tests.Steps.CreditCardValidationSteps.__a$_around_ThenTheResponseStatusShouldBe_100663316_o(Int32 expectedStatus) in /Users/najiyanasrin/Desktop/qa-home-assignment/CardValidation.Tests/Steps/CreditCardValidationSteps.cs:line 88\n   at CardValidation.Tests.Steps.CreditCardValidationSteps.__a$_around_ThenTheResponseStatusShouldBe_100663316_u(Object[])\n   at Allure.Net.Commons.Steps.AllureAbstractStepAspect.WrapSyncVoid(Func`2 target, Object[] args, MethodBase metadata, String stepName, List`1 stepParameters)\n   at InvokeStub_AllureAbstractStepAspect.WrapSyncVoid(Object, Span`1)\n   at System.Reflection.MethodBaseInvoker.InvokeWithManyArgs(Object obj, BindingFlags invokeAttr, Binder binder, Object[] parameters, CultureInfo culture)\n   --- End of inner exception stack trace ---\n   at System.Reflection.MethodBaseInvoker.InvokeWithManyArgs(Object obj, BindingFlags invokeAttr, Binder binder, Object[] parameters, CultureInfo culture)\n   at Allure.Net.Commons.Steps.AllureStepAspectBase.Around(String name, Object[] args, Func`2 target, MethodBase metadata, Type returnType)\n   at CardValidation.Tests.Steps.CreditCardValidationSteps.__a$_around_ThenTheResponseStatusShouldBe_100663316_w_0(Object[])\n   at CardValidation.Tests.Steps.CreditCardValidationSteps.ThenTheResponseStatusShouldBe(Int32 expectedStatus)\n   at InvokeStub_Action`2.Invoke(Object, Span`1)\n   at System.Reflection.MethodBaseInvoker.InvokeWithFewArgs(Object obj, BindingFlags invokeAttr, Binder binder, Object[] parameters, CultureInfo culture)\n--- End of stack trace from previous location ---\n   at Reqnroll.Bindings.BindingInvoker.InvokeBindingAsync(IBinding binding, IContextManager contextManager, Object[] arguments, ITestTracer testTracer, DurationHolder durationHolder)\n   at Reqnroll.Infrastructure.TestExecutionEngine.ExecuteStepMatchAsync(BindingMatch match, Object[] arguments, DurationHolder durationHolder)\n   at Reqnroll.Infrastructure.TestExecutionEngine.ExecuteStepAsync(IContextManager contextManager, StepInstance stepInstance)"
      },
      "stage": "finished",
      "steps": [
        {
          "name": "Validate HTTP response status",
          "status": "failed",
          "statusDetails": {
            "known": false,
            "muted": false,
            "flaky": false,
            "message": "  Expected HTTP 200, but got 0. Response body: \nAssert.That(actualStatus, Is.EqualTo(expectedStatus))\n  Expected: 200\n  But was:  0\n",
            "trace": "NUnit.Framework.AssertionException:   Expected HTTP 200, but got 0. Response body: \nAssert.That(actualStatus, Is.EqualTo(expectedStatus))\n  Expected: 200\n  But was:  0\n\n   at NUnit.Framework.Assert.ReportFailure(String message)\n   at NUnit.Framework.Assert.ReportFailure(ConstraintResult result, String message, String actualExpression, String constraintExpression)\n   at NUnit.Framework.Assert.That[TActual](TActual actual, IResolveConstraint expression, FormattableString message, String actualExpression, String constraintExpression)\n   at CardValidation.Tests.Steps.CreditCardValidationSteps.__a$_around_ThenTheResponseStatusShouldBe_100663316_o(Int32 expectedStatus) in /Users/najiyanasrin/Desktop/qa-home-assignment/CardValidation.Tests/Steps/CreditCardValidationSteps.cs:line 88\n   at CardValidation.Tests.Steps.CreditCardValidationSteps.__a$_around_ThenTheResponseStatusShouldBe_100663316_u(Object[])\n   at Allure.Net.Commons.Steps.AllureAbstractStepAspect.WrapSyncVoid(Func`2 target, Object[] args, MethodBase metadata, String stepName, List`1 stepParameters)"
          },
          "stage": "finished",
          "steps": [],
          "attachments": [],
          "parameters": [
            {
              "name": "expectedStatus",
              "value": "200",
              "excluded": false
            }
          ],
          "start": 1749913391798,
          "stop": 1749913391800
        }
      ],
      "attachments": [],
      "parameters": [],
      "start": 1749913391797,
      "stop": 1749913391801
    },
    {
      "name": "Then the response body should contain \"20\"",
      "status": "skipped",
      "statusDetails": {
        "known": false,
        "muted": false,
        "flaky": false
      },
      "stage": "finished",
      "steps": [],
      "attachments": [],
      "parameters": [],
      "start": 1749913391801,
      "stop": 1749913391801
    }
  ],
  "attachments": [],
  "parameters": [
    {
      "name": "TestCaseName",
      "value": "\"Valid MasterCard\"",
      "excluded": false
    },
    {
      "name": "Owner",
      "value": "\"Alice Smith\"",
      "excluded": false
    },
    {
      "name": "Number",
      "value": "\"5555555555554444\"",
      "excluded": false
    },
    {
      "name": "Cvv",
      "value": "\"321\"",
      "excluded": false
    },
    {
      "name": "IssueDate",
      "value": "\"11/29\"",
      "excluded": false
    },
    {
      "name": "ExpectedStatus",
      "value": "\"200\"",
      "excluded": false
    },
    {
      "name": "ExpectedResult",
      "value": "\"20\"",
      "excluded": false
    }
  ],
  "start": 1749913391790,
  "stop": 1749913391802
}