{
  "uuid": "7fed1316-ba61-4a5f-8219-2c3ee52ba737",
  "historyId": "7bb51ad089065e6306270fe13693a80d",
  "testCaseId": "f23b62759e57ee8ca62f7bfb89efc203",
  "fullName": "CardValidation.Tests/Features/Credit Card Validation API/Validate Credit Card",
  "labels": [
    {
      "name": "host",
      "value": "Najiyas-MacBook-Air-2"
    },
    {
      "name": "thread",
      "value": "NUnit.Fw.NonParallelWorker"
    },
    {
      "name": "language",
      "value": "C#"
    },
    {
      "name": "framework",
      "value": "Reqnroll"
    },
    {
      "name": "package",
      "value": "Features.Credit Card Validation API"
    },
    {
      "name": "feature",
      "value": "Credit Card Validation API"
    },
    {
      "name": "owner",
      "value": "Faheem"
    }
  ],
  "links": [],
  "name": "Validate Credit Card",
  "status": "broken",
  "statusDetails": {
    "known": false,
    "muted": false,
    "flaky": false,
    "message": "Exception has been thrown by the target of an invocation.",
    "trace": "System.Reflection.TargetInvocationException: Exception has been thrown by the target of an invocation.\n ---> NUnit.Framework.AssertionException:   Expected HTTP 400, but got 0. Response body: \nAssert.That(actualStatus, Is.EqualTo(expectedStatus))\n  Expected: 400\n  But was:  0\n\n   at NUnit.Framework.Assert.ReportFailure(String message)\n   at NUnit.Framework.Assert.ReportFailure(ConstraintResult result, String message, String actualExpression, String constraintExpression)\n   at NUnit.Framework.Assert.That[TActual](TActual actual, IResolveConstraint expression, FormattableString message, String actualExpression, String constraintExpression)\n   at CardValidation.Tests.Steps.CreditCardValidationSteps.__a$_around_ThenTheResponseStatusShouldBe_100663318_o(Int32 expectedStatus) in /Users/najiyanasrin/Desktop/qa-home-assignment/CardValidation.Tests/Steps/CreditCardValidationSteps.cs:line 88\n   at CardValidation.Tests.Steps.CreditCardValidationSteps.__a$_around_ThenTheResponseStatusShouldBe_100663318_u(Object[])\n   at Allure.Net.Commons.Steps.AllureAbstractStepAspect.WrapSyncVoid(Func`2 target, Object[] args, MethodBase metadata, String stepName, List`1 stepParameters)\n   at InvokeStub_AllureAbstractStepAspect.WrapSyncVoid(Object, Span`1)\n   at System.Reflection.MethodBaseInvoker.InvokeWithManyArgs(Object obj, BindingFlags invokeAttr, Binder binder, Object[] parameters, CultureInfo culture)\n   --- End of inner exception stack trace ---\n   at System.Reflection.MethodBaseInvoker.InvokeWithManyArgs(Object obj, BindingFlags invokeAttr, Binder binder, Object[] parameters, CultureInfo culture)\n   at Allure.Net.Commons.Steps.AllureStepAspectBase.Around(String name, Object[] args, Func`2 target, MethodBase metadata, Type returnType)\n   at CardValidation.Tests.Steps.CreditCardValidationSteps.__a$_around_ThenTheResponseStatusShouldBe_100663318_w_0(Object[])\n   at CardValidation.Tests.Steps.CreditCardValidationSteps.ThenTheResponseStatusShouldBe(Int32 expectedStatus)\n   at InvokeStub_Action`2.Invoke(Object, Span`1)\n   at System.Reflection.MethodBaseInvoker.InvokeWithFewArgs(Object obj, BindingFlags invokeAttr, Binder binder, Object[] parameters, CultureInfo culture)\n--- End of stack trace from previous location ---\n   at Reqnroll.Bindings.BindingInvoker.InvokeBindingAsync(IBinding binding, IContextManager contextManager, Object[] arguments, ITestTracer testTracer, DurationHolder durationHolder)\n   at Reqnroll.Infrastructure.TestExecutionEngine.ExecuteStepMatchAsync(BindingMatch match, Object[] arguments, DurationHolder durationHolder)\n   at Reqnroll.Infrastructure.TestExecutionEngine.ExecuteStepAsync(IContextManager contextManager, StepInstance stepInstance)\n   at Reqnroll.Infrastructure.TestExecutionEngine.OnAfterLastStepAsync()\n   at Reqnroll.TestRunner.CollectScenarioErrorsAsync()\n   at Allure.ReqnrollPlugin.SelectiveRun.TestPlanAwareTestRunner.CollectScenarioErrorsAsync()\n   at CardValidation.Tests.Features.CreditCardValidationAPIFeature.ScenarioCleanupAsync()\n   at CardValidation.Tests.Features.CreditCardValidationAPIFeature.ValidateCreditCard(String testCaseName, String owner, String number, String cvv, String issueDate, String expectedStatus, String expectedResult, String[] exampleTags) in /Users/najiyanasrin/Desktop/qa-home-assignment/CardValidation.Tests/Features/CreditCardValidation.Feature:line 14\n   at NUnit.Framework.Internal.TaskAwaitAdapter.GenericAdapter`1.BlockUntilCompleted()\n   at NUnit.Framework.Internal.MessagePumpStrategy.NoMessagePumpStrategy.WaitForCompletion(AwaitAdapter awaiter)\n   at NUnit.Framework.Internal.AsyncToSyncAdapter.Await[TResult](TestExecutionContext context, Func`1 invoke)\n   at NUnit.Framework.Internal.AsyncToSyncAdapter.Await(TestExecutionContext context, Func`1 invoke)\n   at NUnit.Framework.Internal.Commands.TestMethodCommand.RunTestMethod(TestExecutionContext context)\n   at NUnit.Framework.Internal.Commands.TestMethodCommand.Execute(TestExecutionContext context)\n   at NUnit.Framework.Internal.Commands.BeforeAndAfterTestCommand.<>c__DisplayClass1_0.<Execute>b__0()\n   at NUnit.Framework.Internal.Commands.DelegatingTestCommand.RunTestMethodInThreadAbortSafeZone(TestExecutionContext context, Action action)"
  },
  "stage": "finished",
  "steps": [
    {
      "name": "Given this is test case \"Missing Number\"",
      "status": "passed",
      "statusDetails": {
        "known": false,
        "muted": false,
        "flaky": false
      },
      "stage": "finished",
      "steps": [],
      "attachments": [],
      "parameters": [],
      "start": 1749918465647,
      "stop": 1749918465651
    },
    {
      "name": "Given I prepare a credit card with:",
      "status": "passed",
      "statusDetails": {
        "known": false,
        "muted": false,
        "flaky": false
      },
      "stage": "finished",
      "steps": [
        {
          "name": "Prepare credit card with provided data",
          "status": "passed",
          "statusDetails": {
            "known": false,
            "muted": false,
            "flaky": false
          },
          "stage": "finished",
          "steps": [],
          "attachments": [],
          "parameters": [
            {
              "name": "table",
              "value": "{\"Header\":[\"Owner\",\"Number\",\"Cvv\",\"IssueDate\"],\"Rows\":[{\"Owner\":\"Jane Doe\",\"Number\":\"\",\"Cvv\":\"123\",\"IssueDate\":\"12/30\"}],\"RowCount\":1}",
              "excluded": false
            }
          ],
          "start": 1749918465652,
          "stop": 1749918465652
        }
      ],
      "attachments": [
        {
          "name": "Data Table",
          "source": "1834106f-cc4a-4ad6-a0ae-b9e3839d42de-attachment.csv",
          "type": "text/csv"
        }
      ],
      "parameters": [],
      "start": 1749918465651,
      "stop": 1749918465652
    },
    {
      "name": "When I send the card to the validation API",
      "status": "passed",
      "statusDetails": {
        "known": false,
        "muted": false,
        "flaky": false
      },
      "stage": "finished",
      "steps": [
        {
          "name": "Send credit card data to API",
          "status": "passed",
          "statusDetails": {
            "known": false,
            "muted": false,
            "flaky": false
          },
          "stage": "finished",
          "steps": [],
          "attachments": [],
          "parameters": [],
          "start": 1749918465653,
          "stop": 1749918465654
        }
      ],
      "attachments": [],
      "parameters": [],
      "start": 1749918465652,
      "stop": 1749918465655
    },
    {
      "name": "Then the response status should be 400",
      "status": "broken",
      "statusDetails": {
        "known": false,
        "muted": false,
        "flaky": false,
        "message": "Exception has been thrown by the target of an invocation.",
        "trace": "System.Reflection.TargetInvocationException: Exception has been thrown by the target of an invocation.\n ---> NUnit.Framework.AssertionException:   Expected HTTP 400, but got 0. Response body: \nAssert.That(actualStatus, Is.EqualTo(expectedStatus))\n  Expected: 400\n  But was:  0\n\n   at NUnit.Framework.Assert.ReportFailure(String message)\n   at NUnit.Framework.Assert.ReportFailure(ConstraintResult result, String message, String actualExpression, String constraintExpression)\n   at NUnit.Framework.Assert.That[TActual](TActual actual, IResolveConstraint expression, FormattableString message, String actualExpression, String constraintExpression)\n   at CardValidation.Tests.Steps.CreditCardValidationSteps.__a$_around_ThenTheResponseStatusShouldBe_100663318_o(Int32 expectedStatus) in /Users/najiyanasrin/Desktop/qa-home-assignment/CardValidation.Tests/Steps/CreditCardValidationSteps.cs:line 88\n   at CardValidation.Tests.Steps.CreditCardValidationSteps.__a$_around_ThenTheResponseStatusShouldBe_100663318_u(Object[])\n   at Allure.Net.Commons.Steps.AllureAbstractStepAspect.WrapSyncVoid(Func`2 target, Object[] args, MethodBase metadata, String stepName, List`1 stepParameters)\n   at InvokeStub_AllureAbstractStepAspect.WrapSyncVoid(Object, Span`1)\n   at System.Reflection.MethodBaseInvoker.InvokeWithManyArgs(Object obj, BindingFlags invokeAttr, Binder binder, Object[] parameters, CultureInfo culture)\n   --- End of inner exception stack trace ---\n   at System.Reflection.MethodBaseInvoker.InvokeWithManyArgs(Object obj, BindingFlags invokeAttr, Binder binder, Object[] parameters, CultureInfo culture)\n   at Allure.Net.Commons.Steps.AllureStepAspectBase.Around(String name, Object[] args, Func`2 target, MethodBase metadata, Type returnType)\n   at CardValidation.Tests.Steps.CreditCardValidationSteps.__a$_around_ThenTheResponseStatusShouldBe_100663318_w_0(Object[])\n   at CardValidation.Tests.Steps.CreditCardValidationSteps.ThenTheResponseStatusShouldBe(Int32 expectedStatus)\n   at InvokeStub_Action`2.Invoke(Object, Span`1)\n   at System.Reflection.MethodBaseInvoker.InvokeWithFewArgs(Object obj, BindingFlags invokeAttr, Binder binder, Object[] parameters, CultureInfo culture)\n--- End of stack trace from previous location ---\n   at Reqnroll.Bindings.BindingInvoker.InvokeBindingAsync(IBinding binding, IContextManager contextManager, Object[] arguments, ITestTracer testTracer, DurationHolder durationHolder)\n   at Reqnroll.Infrastructure.TestExecutionEngine.ExecuteStepMatchAsync(BindingMatch match, Object[] arguments, DurationHolder durationHolder)\n   at Reqnroll.Infrastructure.TestExecutionEngine.ExecuteStepAsync(IContextManager contextManager, StepInstance stepInstance)"
      },
      "stage": "finished",
      "steps": [
        {
          "name": "Validate HTTP response status",
          "status": "failed",
          "statusDetails": {
            "known": false,
            "muted": false,
            "flaky": false,
            "message": "  Expected HTTP 400, but got 0. Response body: \nAssert.That(actualStatus, Is.EqualTo(expectedStatus))\n  Expected: 400\n  But was:  0\n",
            "trace": "NUnit.Framework.AssertionException:   Expected HTTP 400, but got 0. Response body: \nAssert.That(actualStatus, Is.EqualTo(expectedStatus))\n  Expected: 400\n  But was:  0\n\n   at NUnit.Framework.Assert.ReportFailure(String message)\n   at NUnit.Framework.Assert.ReportFailure(ConstraintResult result, String message, String actualExpression, String constraintExpression)\n   at NUnit.Framework.Assert.That[TActual](TActual actual, IResolveConstraint expression, FormattableString message, String actualExpression, String constraintExpression)\n   at CardValidation.Tests.Steps.CreditCardValidationSteps.__a$_around_ThenTheResponseStatusShouldBe_100663318_o(Int32 expectedStatus) in /Users/najiyanasrin/Desktop/qa-home-assignment/CardValidation.Tests/Steps/CreditCardValidationSteps.cs:line 88\n   at CardValidation.Tests.Steps.CreditCardValidationSteps.__a$_around_ThenTheResponseStatusShouldBe_100663318_u(Object[])\n   at Allure.Net.Commons.Steps.AllureAbstractStepAspect.WrapSyncVoid(Func`2 target, Object[] args, MethodBase metadata, String stepName, List`1 stepParameters)"
          },
          "stage": "finished",
          "steps": [],
          "attachments": [],
          "parameters": [
            {
              "name": "expectedStatus",
              "value": "400",
              "excluded": false
            }
          ],
          "start": 1749918465655,
          "stop": 1749918465656
        }
      ],
      "attachments": [],
      "parameters": [],
      "start": 1749918465655,
      "stop": 1749918465657
    },
    {
      "name": "Then the response body should contain \"Number\"",
      "status": "skipped",
      "statusDetails": {
        "known": false,
        "muted": false,
        "flaky": false
      },
      "stage": "finished",
      "steps": [],
      "attachments": [],
      "parameters": [],
      "start": 1749918465657,
      "stop": 1749918465657
    }
  ],
  "attachments": [],
  "parameters": [
    {
      "name": "TestCaseName",
      "value": "\"Missing Number\"",
      "excluded": false
    },
    {
      "name": "Owner",
      "value": "\"Jane Doe\"",
      "excluded": false
    },
    {
      "name": "Number",
      "value": "\"\"",
      "excluded": false
    },
    {
      "name": "Cvv",
      "value": "\"123\"",
      "excluded": false
    },
    {
      "name": "IssueDate",
      "value": "\"12/30\"",
      "excluded": false
    },
    {
      "name": "ExpectedStatus",
      "value": "\"400\"",
      "excluded": false
    },
    {
      "name": "ExpectedResult",
      "value": "\"Number\"",
      "excluded": false
    }
  ],
  "start": 1749918465647,
  "stop": 1749918465657
}