{
  "uuid": "c38a558e-e695-4eb7-9b3d-2fefb419b9ee",
  "historyId": "e4bd87a5ee19f5bf20173e9bec64a44b",
  "testCaseId": "f23b62759e57ee8ca62f7bfb89efc203",
  "fullName": "CardValidation.Tests/Features/Credit Card Validation API/Validate Credit Card",
  "labels": [
    {
      "name": "host",
      "value": "Najiyas-MacBook-Air"
    },
    {
      "name": "thread",
      "value": "NUnit.Fw.NonParallelWorker"
    },
    {
      "name": "language",
      "value": "C#"
    },
    {
      "name": "framework",
      "value": "Reqnroll"
    },
    {
      "name": "package",
      "value": "Features.Credit Card Validation API"
    },
    {
      "name": "feature",
      "value": "Credit Card Validation API"
    },
    {
      "name": "owner",
      "value": "Faheem"
    }
  ],
  "links": [],
  "name": "Validate Credit Card",
  "status": "broken",
  "statusDetails": {
    "known": false,
    "muted": false,
    "flaky": false,
    "message": "Exception has been thrown by the target of an invocation.",
    "trace": "System.Reflection.TargetInvocationException: Exception has been thrown by the target of an invocation.\n ---> NUnit.Framework.AssertionException:   Expected HTTP 200, but got 0. Response body: \nAssert.That(actualStatus, Is.EqualTo(expectedStatus))\n  Expected: 200\n  But was:  0\n\n   at NUnit.Framework.Assert.ReportFailure(String message)\n   at NUnit.Framework.Assert.ReportFailure(ConstraintResult result, String message, String actualExpression, String constraintExpression)\n   at NUnit.Framework.Assert.That[TActual](TActual actual, IResolveConstraint expression, FormattableString message, String actualExpression, String constraintExpression)\n   at CardValidation.Tests.Steps.CreditCardValidationSteps.__a$_around_ThenTheResponseStatusShouldBe_100663316_o(Int32 expectedStatus) in /Users/najiyanasrin/Desktop/qa-home-assignment/CardValidation.Tests/Steps/CreditCardValidationSteps.cs:line 88\n   at CardValidation.Tests.Steps.CreditCardValidationSteps.__a$_around_ThenTheResponseStatusShouldBe_100663316_u(Object[])\n   at Allure.Net.Commons.Steps.AllureAbstractStepAspect.WrapSyncVoid(Func`2 target, Object[] args, MethodBase metadata, String stepName, List`1 stepParameters)\n   at InvokeStub_AllureAbstractStepAspect.WrapSyncVoid(Object, Span`1)\n   at System.Reflection.MethodBaseInvoker.InvokeWithManyArgs(Object obj, BindingFlags invokeAttr, Binder binder, Object[] parameters, CultureInfo culture)\n   --- End of inner exception stack trace ---\n   at System.Reflection.MethodBaseInvoker.InvokeWithManyArgs(Object obj, BindingFlags invokeAttr, Binder binder, Object[] parameters, CultureInfo culture)\n   at Allure.Net.Commons.Steps.AllureStepAspectBase.Around(String name, Object[] args, Func`2 target, MethodBase metadata, Type returnType)\n   at CardValidation.Tests.Steps.CreditCardValidationSteps.__a$_around_ThenTheResponseStatusShouldBe_100663316_w_0(Object[])\n   at CardValidation.Tests.Steps.CreditCardValidationSteps.ThenTheResponseStatusShouldBe(Int32 expectedStatus)\n   at System.RuntimeMethodHandle.InvokeMethod(Object target, Void** arguments, Signature sig, Boolean isConstructor)\n   at System.Reflection.MethodBaseInvoker.InvokeDirectByRefWithFewArgs(Object obj, Span`1 copyOfArgs, BindingFlags invokeAttr)\n--- End of stack trace from previous location ---\n   at Reqnroll.Bindings.BindingInvoker.InvokeBindingAsync(IBinding binding, IContextManager contextManager, Object[] arguments, ITestTracer testTracer, DurationHolder durationHolder)\n   at Reqnroll.Infrastructure.TestExecutionEngine.ExecuteStepMatchAsync(BindingMatch match, Object[] arguments, DurationHolder durationHolder)\n   at Reqnroll.Infrastructure.TestExecutionEngine.ExecuteStepAsync(IContextManager contextManager, StepInstance stepInstance)\n   at Reqnroll.Infrastructure.TestExecutionEngine.OnAfterLastStepAsync()\n   at Reqnroll.TestRunner.CollectScenarioErrorsAsync()\n   at Allure.ReqnrollPlugin.SelectiveRun.TestPlanAwareTestRunner.CollectScenarioErrorsAsync()\n   at CardValidation.Tests.Features.CreditCardValidationAPIFeature.ScenarioCleanupAsync()\n   at CardValidation.Tests.Features.CreditCardValidationAPIFeature.ValidateCreditCard(String testCaseName, String owner, String number, String cvv, String issueDate, String expectedStatus, String expectedResult, String[] exampleTags) in /Users/najiyanasrin/Desktop/qa-home-assignment/CardValidation.Tests/Features/CreditCardValidation.Feature:line 14\n   at NUnit.Framework.Internal.TaskAwaitAdapter.GenericAdapter`1.BlockUntilCompleted()\n   at NUnit.Framework.Internal.MessagePumpStrategy.NoMessagePumpStrategy.WaitForCompletion(AwaitAdapter awaiter)\n   at NUnit.Framework.Internal.AsyncToSyncAdapter.Await[TResult](TestExecutionContext context, Func`1 invoke)\n   at NUnit.Framework.Internal.AsyncToSyncAdapter.Await(TestExecutionContext context, Func`1 invoke)\n   at NUnit.Framework.Internal.Commands.TestMethodCommand.RunTestMethod(TestExecutionContext context)\n   at NUnit.Framework.Internal.Commands.TestMethodCommand.Execute(TestExecutionContext context)\n   at NUnit.Framework.Internal.Commands.BeforeAndAfterTestCommand.<>c__DisplayClass1_0.<Execute>b__0()\n   at NUnit.Framework.Internal.Commands.DelegatingTestCommand.RunTestMethodInThreadAbortSafeZone(TestExecutionContext context, Action action)"
  },
  "stage": "finished",
  "steps": [
    {
      "name": "Given this is test case \"Valid Visa Card\"",
      "status": "passed",
      "statusDetails": {
        "known": false,
        "muted": false,
        "flaky": false
      },
      "stage": "finished",
      "steps": [],
      "attachments": [],
      "parameters": [],
      "start": 1749913410144,
      "stop": 1749913410190
    },
    {
      "name": "Given I prepare a credit card with:",
      "status": "passed",
      "statusDetails": {
        "known": false,
        "muted": false,
        "flaky": false
      },
      "stage": "finished",
      "steps": [
        {
          "name": "Prepare credit card with provided data",
          "status": "passed",
          "statusDetails": {
            "known": false,
            "muted": false,
            "flaky": false
          },
          "stage": "finished",
          "steps": [],
          "attachments": [],
          "parameters": [
            {
              "name": "table",
              "value": "{\"Header\":[\"Owner\",\"Number\",\"Cvv\",\"IssueDate\"],\"Rows\":[{\"Owner\":\"John Doe\",\"Number\":\"4111111111111111\",\"Cvv\":\"123\",\"IssueDate\":\"12/30\"}],\"RowCount\":1}",
              "excluded": false
            }
          ],
          "start": 1749913410223,
          "stop": 1749913410225
        }
      ],
      "attachments": [
        {
          "name": "Data Table",
          "source": "6e5cbb5f-8bee-4e9d-99ab-f781377f3529-attachment.csv",
          "type": "text/csv"
        }
      ],
      "parameters": [],
      "start": 1749913410201,
      "stop": 1749913410225
    },
    {
      "name": "When I send the card to the validation API",
      "status": "passed",
      "statusDetails": {
        "known": false,
        "muted": false,
        "flaky": false
      },
      "stage": "finished",
      "steps": [
        {
          "name": "Send credit card data to API",
          "status": "passed",
          "statusDetails": {
            "known": false,
            "muted": false,
            "flaky": false
          },
          "stage": "finished",
          "steps": [],
          "attachments": [],
          "parameters": [],
          "start": 1749913410228,
          "stop": 1749913410250
        }
      ],
      "attachments": [],
      "parameters": [],
      "start": 1749913410225,
      "stop": 1749913410252
    },
    {
      "name": "Then the response status should be 200",
      "status": "broken",
      "statusDetails": {
        "known": false,
        "muted": false,
        "flaky": false,
        "message": "Exception has been thrown by the target of an invocation.",
        "trace": "System.Reflection.TargetInvocationException: Exception has been thrown by the target of an invocation.\n ---> NUnit.Framework.AssertionException:   Expected HTTP 200, but got 0. Response body: \nAssert.That(actualStatus, Is.EqualTo(expectedStatus))\n  Expected: 200\n  But was:  0\n\n   at NUnit.Framework.Assert.ReportFailure(String message)\n   at NUnit.Framework.Assert.ReportFailure(ConstraintResult result, String message, String actualExpression, String constraintExpression)\n   at NUnit.Framework.Assert.That[TActual](TActual actual, IResolveConstraint expression, FormattableString message, String actualExpression, String constraintExpression)\n   at CardValidation.Tests.Steps.CreditCardValidationSteps.__a$_around_ThenTheResponseStatusShouldBe_100663316_o(Int32 expectedStatus) in /Users/najiyanasrin/Desktop/qa-home-assignment/CardValidation.Tests/Steps/CreditCardValidationSteps.cs:line 88\n   at CardValidation.Tests.Steps.CreditCardValidationSteps.__a$_around_ThenTheResponseStatusShouldBe_100663316_u(Object[])\n   at Allure.Net.Commons.Steps.AllureAbstractStepAspect.WrapSyncVoid(Func`2 target, Object[] args, MethodBase metadata, String stepName, List`1 stepParameters)\n   at InvokeStub_AllureAbstractStepAspect.WrapSyncVoid(Object, Span`1)\n   at System.Reflection.MethodBaseInvoker.InvokeWithManyArgs(Object obj, BindingFlags invokeAttr, Binder binder, Object[] parameters, CultureInfo culture)\n   --- End of inner exception stack trace ---\n   at System.Reflection.MethodBaseInvoker.InvokeWithManyArgs(Object obj, BindingFlags invokeAttr, Binder binder, Object[] parameters, CultureInfo culture)\n   at Allure.Net.Commons.Steps.AllureStepAspectBase.Around(String name, Object[] args, Func`2 target, MethodBase metadata, Type returnType)\n   at CardValidation.Tests.Steps.CreditCardValidationSteps.__a$_around_ThenTheResponseStatusShouldBe_100663316_w_0(Object[])\n   at CardValidation.Tests.Steps.CreditCardValidationSteps.ThenTheResponseStatusShouldBe(Int32 expectedStatus)\n   at System.RuntimeMethodHandle.InvokeMethod(Object target, Void** arguments, Signature sig, Boolean isConstructor)\n   at System.Reflection.MethodBaseInvoker.InvokeDirectByRefWithFewArgs(Object obj, Span`1 copyOfArgs, BindingFlags invokeAttr)\n--- End of stack trace from previous location ---\n   at Reqnroll.Bindings.BindingInvoker.InvokeBindingAsync(IBinding binding, IContextManager contextManager, Object[] arguments, ITestTracer testTracer, DurationHolder durationHolder)\n   at Reqnroll.Infrastructure.TestExecutionEngine.ExecuteStepMatchAsync(BindingMatch match, Object[] arguments, DurationHolder durationHolder)\n   at Reqnroll.Infrastructure.TestExecutionEngine.ExecuteStepAsync(IContextManager contextManager, StepInstance stepInstance)"
      },
      "stage": "finished",
      "steps": [
        {
          "name": "Validate HTTP response status",
          "status": "failed",
          "statusDetails": {
            "known": false,
            "muted": false,
            "flaky": false,
            "message": "  Expected HTTP 200, but got 0. Response body: \nAssert.That(actualStatus, Is.EqualTo(expectedStatus))\n  Expected: 200\n  But was:  0\n",
            "trace": "NUnit.Framework.AssertionException:   Expected HTTP 200, but got 0. Response body: \nAssert.That(actualStatus, Is.EqualTo(expectedStatus))\n  Expected: 200\n  But was:  0\n\n   at NUnit.Framework.Assert.ReportFailure(String message)\n   at NUnit.Framework.Assert.ReportFailure(ConstraintResult result, String message, String actualExpression, String constraintExpression)\n   at NUnit.Framework.Assert.That[TActual](TActual actual, IResolveConstraint expression, FormattableString message, String actualExpression, String constraintExpression)\n   at CardValidation.Tests.Steps.CreditCardValidationSteps.__a$_around_ThenTheResponseStatusShouldBe_100663316_o(Int32 expectedStatus) in /Users/najiyanasrin/Desktop/qa-home-assignment/CardValidation.Tests/Steps/CreditCardValidationSteps.cs:line 88\n   at CardValidation.Tests.Steps.CreditCardValidationSteps.__a$_around_ThenTheResponseStatusShouldBe_100663316_u(Object[])\n   at Allure.Net.Commons.Steps.AllureAbstractStepAspect.WrapSyncVoid(Func`2 target, Object[] args, MethodBase metadata, String stepName, List`1 stepParameters)"
          },
          "stage": "finished",
          "steps": [],
          "attachments": [],
          "parameters": [
            {
              "name": "expectedStatus",
              "value": "200",
              "excluded": false
            }
          ],
          "start": 1749913410256,
          "stop": 1749913410277
        }
      ],
      "attachments": [],
      "parameters": [],
      "start": 1749913410253,
      "stop": 1749913410278
    },
    {
      "name": "Then the response body should contain \"10\"",
      "status": "skipped",
      "statusDetails": {
        "known": false,
        "muted": false,
        "flaky": false
      },
      "stage": "finished",
      "steps": [],
      "attachments": [],
      "parameters": [],
      "start": 1749913410278,
      "stop": 1749913410280
    }
  ],
  "attachments": [],
  "parameters": [
    {
      "name": "TestCaseName",
      "value": "\"Valid Visa Card\"",
      "excluded": false
    },
    {
      "name": "Owner",
      "value": "\"John Doe\"",
      "excluded": false
    },
    {
      "name": "Number",
      "value": "\"4111111111111111\"",
      "excluded": false
    },
    {
      "name": "Cvv",
      "value": "\"123\"",
      "excluded": false
    },
    {
      "name": "IssueDate",
      "value": "\"12/30\"",
      "excluded": false
    },
    {
      "name": "ExpectedStatus",
      "value": "\"200\"",
      "excluded": false
    },
    {
      "name": "ExpectedResult",
      "value": "\"10\"",
      "excluded": false
    }
  ],
  "start": 1749913410141,
  "stop": 1749913410286
}